<?xml version="1.0" encoding="UTF-8"?>
<robot generator="Robot 3.1.2 (Python 3.8.5 on darwin)" generated="20201016 18:13:45.540" rpa="false">
<suite id="s1" name="Test Login" source="/Users/ajinkya.pande/workspace/git_repos/ww_other/work/WebDemo-master/automaiton/ui/test_login">
<suite id="s1-s1" name="Test Login" source="/Users/ajinkya.pande/workspace/git_repos/ww_other/work/WebDemo-master/automaiton/ui/test_login/test_login.robot">
<test id="s1-s1-t1" name="Valid Login">
<kw name="Open Application" library="common" type="setup">
<kw name="Open Browser" library="SeleniumLibrary">
<doc>Opens a new browser instance to the given ``url``.</doc>
<arguments>
<arg>${SERVER URL}</arg>
<arg>${BROWSER}</arg>
</arguments>
<msg timestamp="20201016 18:13:45.715" level="INFO">Opening browser 'Firefox' to base url 'http://localhost:8080'.</msg>
<msg timestamp="20201016 18:13:45.716" level="INFO">Firefox driver log is always forced to to: /Users/ajinkya.pande/workspace/git_repos/ww_other/work/WebDemo-master/automaiton/ui/geckodriver-1.log</msg>
<status status="PASS" starttime="20201016 18:13:45.714" endtime="20201016 18:13:49.664"></status>
</kw>
<kw name="Maximize Browser Window" library="SeleniumLibrary">
<doc>Maximizes current browser window.</doc>
<status status="PASS" starttime="20201016 18:13:49.664" endtime="20201016 18:13:50.255"></status>
</kw>
<status status="PASS" starttime="20201016 18:13:45.714" endtime="20201016 18:13:50.255"></status>
</kw>
<kw name="Click on login url" library="login_page">
<kw name="Click Link" library="SeleniumLibrary">
<doc>Clicks a link identified by ``locator``.</doc>
<arguments>
<arg>//a[contains(text(),'Log In')]</arg>
</arguments>
<msg timestamp="20201016 18:13:50.256" level="INFO">Clicking link '//a[contains(text(),'Log In')]'.</msg>
<status status="PASS" starttime="20201016 18:13:50.256" endtime="20201016 18:13:50.397"></status>
</kw>
<status status="PASS" starttime="20201016 18:13:50.255" endtime="20201016 18:13:50.397"></status>
</kw>
<kw name="Input Username" library="login_page">
<arguments>
<arg>test</arg>
</arguments>
<kw name="Input Text" library="SeleniumLibrary">
<doc>Types the given ``text`` into the text field identified by ``locator``.</doc>
<arguments>
<arg>username</arg>
<arg>${username}</arg>
</arguments>
<msg timestamp="20201016 18:13:50.398" level="INFO">Typing text 'test' into text field 'username'.</msg>
<status status="PASS" starttime="20201016 18:13:50.398" endtime="20201016 18:13:50.483"></status>
</kw>
<status status="PASS" starttime="20201016 18:13:50.397" endtime="20201016 18:13:50.484"></status>
</kw>
<kw name="Input Password" library="login_page">
<arguments>
<arg>test</arg>
</arguments>
<kw name="Input Text" library="SeleniumLibrary">
<doc>Types the given ``text`` into the text field identified by ``locator``.</doc>
<arguments>
<arg>password</arg>
<arg>${password}</arg>
</arguments>
<msg timestamp="20201016 18:13:50.484" level="INFO">Typing text 'test' into text field 'password'.</msg>
<status status="PASS" starttime="20201016 18:13:50.484" endtime="20201016 18:13:50.509"></status>
</kw>
<status status="PASS" starttime="20201016 18:13:50.484" endtime="20201016 18:13:50.509"></status>
</kw>
<kw name="Click on login" library="login_page">
<kw name="Click Button" library="SeleniumLibrary">
<doc>Clicks the button identified by ``locator``.</doc>
<arguments>
<arg>//input[@value='Log In']</arg>
</arguments>
<msg timestamp="20201016 18:13:50.510" level="INFO">Clicking button '//input[@value='Log In']'.</msg>
<status status="PASS" starttime="20201016 18:13:50.509" endtime="20201016 18:13:50.653"></status>
</kw>
<status status="PASS" starttime="20201016 18:13:50.509" endtime="20201016 18:13:50.653"></status>
</kw>
<kw name="Title Should Be" library="SeleniumLibrary">
<doc>Verifies that the current page title equals ``title``.</doc>
<arguments>
<arg>User Information - Demo App</arg>
</arguments>
<msg timestamp="20201016 18:13:50.657" level="INFO">Page title is 'User Information - Demo App'.</msg>
<status status="PASS" starttime="20201016 18:13:50.653" endtime="20201016 18:13:50.657"></status>
</kw>
<kw name="Close Browser" library="SeleniumLibrary" type="teardown">
<doc>Closes the current browser.</doc>
<status status="PASS" starttime="20201016 18:13:50.658" endtime="20201016 18:13:51.037"></status>
</kw>
<tags>
<tag>login</tag>
<tag>regression</tag>
</tags>
<status status="PASS" starttime="20201016 18:13:45.714" endtime="20201016 18:13:51.037" critical="yes"></status>
</test>
<test id="s1-s1-t2" name="Invalid Login">
<kw name="Open Application" library="common" type="setup">
<kw name="Open Browser" library="SeleniumLibrary">
<doc>Opens a new browser instance to the given ``url``.</doc>
<arguments>
<arg>${SERVER URL}</arg>
<arg>${BROWSER}</arg>
</arguments>
<msg timestamp="20201016 18:13:51.039" level="INFO">Opening browser 'Firefox' to base url 'http://localhost:8080'.</msg>
<msg timestamp="20201016 18:13:51.039" level="INFO">Firefox driver log is always forced to to: /Users/ajinkya.pande/workspace/git_repos/ww_other/work/WebDemo-master/automaiton/ui/geckodriver-2.log</msg>
<status status="PASS" starttime="20201016 18:13:51.038" endtime="20201016 18:13:54.663"></status>
</kw>
<kw name="Maximize Browser Window" library="SeleniumLibrary">
<doc>Maximizes current browser window.</doc>
<status status="PASS" starttime="20201016 18:13:54.663" endtime="20201016 18:13:55.290"></status>
</kw>
<status status="PASS" starttime="20201016 18:13:51.038" endtime="20201016 18:13:55.291"></status>
</kw>
<kw name="Click on login url" library="login_page">
<kw name="Click Link" library="SeleniumLibrary">
<doc>Clicks a link identified by ``locator``.</doc>
<arguments>
<arg>//a[contains(text(),'Log In')]</arg>
</arguments>
<msg timestamp="20201016 18:13:55.292" level="INFO">Clicking link '//a[contains(text(),'Log In')]'.</msg>
<status status="PASS" starttime="20201016 18:13:55.291" endtime="20201016 18:13:55.425"></status>
</kw>
<status status="PASS" starttime="20201016 18:13:55.291" endtime="20201016 18:13:55.425"></status>
</kw>
<kw name="Input Username" library="login_page">
<arguments>
<arg>invalid</arg>
</arguments>
<kw name="Input Text" library="SeleniumLibrary">
<doc>Types the given ``text`` into the text field identified by ``locator``.</doc>
<arguments>
<arg>username</arg>
<arg>${username}</arg>
</arguments>
<msg timestamp="20201016 18:13:55.426" level="INFO">Typing text 'invalid' into text field 'username'.</msg>
<status status="PASS" starttime="20201016 18:13:55.426" endtime="20201016 18:13:55.480"></status>
</kw>
<status status="PASS" starttime="20201016 18:13:55.425" endtime="20201016 18:13:55.480"></status>
</kw>
<kw name="Input Password" library="login_page">
<arguments>
<arg>test</arg>
</arguments>
<kw name="Input Text" library="SeleniumLibrary">
<doc>Types the given ``text`` into the text field identified by ``locator``.</doc>
<arguments>
<arg>password</arg>
<arg>${password}</arg>
</arguments>
<msg timestamp="20201016 18:13:55.481" level="INFO">Typing text 'test' into text field 'password'.</msg>
<status status="PASS" starttime="20201016 18:13:55.480" endtime="20201016 18:13:55.511"></status>
</kw>
<status status="PASS" starttime="20201016 18:13:55.480" endtime="20201016 18:13:55.511"></status>
</kw>
<kw name="Click on login" library="login_page">
<kw name="Click Button" library="SeleniumLibrary">
<doc>Clicks the button identified by ``locator``.</doc>
<arguments>
<arg>//input[@value='Log In']</arg>
</arguments>
<msg timestamp="20201016 18:13:55.512" level="INFO">Clicking button '//input[@value='Log In']'.</msg>
<status status="PASS" starttime="20201016 18:13:55.512" endtime="20201016 18:13:55.571"></status>
</kw>
<status status="PASS" starttime="20201016 18:13:55.511" endtime="20201016 18:13:55.572"></status>
</kw>
<kw name="Location Should Be" library="SeleniumLibrary">
<doc>Verifies that the current URL is exactly ``url``.</doc>
<arguments>
<arg>http://localhost:8080/error</arg>
</arguments>
<msg timestamp="20201016 18:13:55.579" level="INFO">Current location is 'http://localhost:8080/error'.</msg>
<status status="PASS" starttime="20201016 18:13:55.572" endtime="20201016 18:13:55.579"></status>
</kw>
<kw name="Title Should Be" library="SeleniumLibrary">
<doc>Verifies that the current page title equals ``title``.</doc>
<arguments>
<arg>Login Failure - Demo App</arg>
</arguments>
<msg timestamp="20201016 18:13:55.583" level="INFO">Page title is 'Login Failure - Demo App'.</msg>
<status status="PASS" starttime="20201016 18:13:55.580" endtime="20201016 18:13:55.583"></status>
</kw>
<kw name="Close Browser" library="SeleniumLibrary" type="teardown">
<doc>Closes the current browser.</doc>
<status status="PASS" starttime="20201016 18:13:55.583" endtime="20201016 18:13:55.964"></status>
</kw>
<tags>
<tag>login</tag>
<tag>regression</tag>
</tags>
<status status="PASS" starttime="20201016 18:13:51.038" endtime="20201016 18:13:55.964" critical="yes"></status>
</test>
<status status="PASS" starttime="20201016 18:13:45.560" endtime="20201016 18:13:55.965"></status>
</suite>
<suite id="s1-s2" name="Test Registration" source="/Users/ajinkya.pande/workspace/git_repos/ww_other/work/WebDemo-master/automaiton/ui/test_login/test_registration.robot">
<test id="s1-s2-t1" name="Register User">
<kw name="Open Application" library="common" type="setup">
<kw name="Open Browser" library="SeleniumLibrary">
<doc>Opens a new browser instance to the given ``url``.</doc>
<arguments>
<arg>${SERVER URL}</arg>
<arg>${BROWSER}</arg>
</arguments>
<msg timestamp="20201016 18:13:55.973" level="INFO">Opening browser 'Firefox' to base url 'http://localhost:8080'.</msg>
<msg timestamp="20201016 18:13:55.974" level="INFO">Firefox driver log is always forced to to: /Users/ajinkya.pande/workspace/git_repos/ww_other/work/WebDemo-master/automaiton/ui/geckodriver-3.log</msg>
<status status="PASS" starttime="20201016 18:13:55.973" endtime="20201016 18:13:59.400"></status>
</kw>
<kw name="Maximize Browser Window" library="SeleniumLibrary">
<doc>Maximizes current browser window.</doc>
<status status="PASS" starttime="20201016 18:13:59.400" endtime="20201016 18:13:59.972"></status>
</kw>
<status status="PASS" starttime="20201016 18:13:55.973" endtime="20201016 18:13:59.972"></status>
</kw>
<kw name="Open Browser" library="SeleniumLibrary">
<doc>Opens a new browser instance to the given ``url``.</doc>
<arguments>
<arg>${SERVER URL}</arg>
<arg>${BROWSER}</arg>
</arguments>
<msg timestamp="20201016 18:13:59.973" level="INFO">Opening browser 'Firefox' to base url 'http://localhost:8080'.</msg>
<msg timestamp="20201016 18:13:59.974" level="INFO">Firefox driver log is always forced to to: /Users/ajinkya.pande/workspace/git_repos/ww_other/work/WebDemo-master/automaiton/ui/geckodriver-4.log</msg>
<status status="PASS" starttime="20201016 18:13:59.973" endtime="20201016 18:14:03.629"></status>
</kw>
<kw name="Click on register url" library="register_page">
<kw name="Click Link" library="SeleniumLibrary">
<doc>Clicks a link identified by ``locator``.</doc>
<arguments>
<arg>//a[contains(text(),'Register')]</arg>
</arguments>
<msg timestamp="20201016 18:14:03.630" level="INFO">Clicking link '//a[contains(text(),'Register')]'.</msg>
<status status="PASS" starttime="20201016 18:14:03.630" endtime="20201016 18:14:03.815"></status>
</kw>
<status status="PASS" starttime="20201016 18:14:03.629" endtime="20201016 18:14:03.815"></status>
</kw>
<kw name="Input username as" library="register_page">
<arguments>
<arg>test</arg>
</arguments>
<kw name="Input Text" library="SeleniumLibrary">
<doc>Types the given ``text`` into the text field identified by ``locator``.</doc>
<arguments>
<arg>username</arg>
<arg>${username}</arg>
</arguments>
<msg timestamp="20201016 18:14:03.816" level="INFO">Typing text 'test' into text field 'username'.</msg>
<status status="PASS" starttime="20201016 18:14:03.816" endtime="20201016 18:14:03.883"></status>
</kw>
<status status="PASS" starttime="20201016 18:14:03.816" endtime="20201016 18:14:03.883"></status>
</kw>
<kw name="Input password as" library="register_page">
<arguments>
<arg>test</arg>
</arguments>
<kw name="Input Text" library="SeleniumLibrary">
<doc>Types the given ``text`` into the text field identified by ``locator``.</doc>
<arguments>
<arg>password</arg>
<arg>${password}</arg>
</arguments>
<msg timestamp="20201016 18:14:03.884" level="INFO">Typing text 'test' into text field 'password'.</msg>
<status status="PASS" starttime="20201016 18:14:03.884" endtime="20201016 18:14:03.907"></status>
</kw>
<status status="PASS" starttime="20201016 18:14:03.883" endtime="20201016 18:14:03.907"></status>
</kw>
<kw name="Input firstname as" library="register_page">
<arguments>
<arg>first</arg>
</arguments>
<kw name="Input Text" library="SeleniumLibrary">
<doc>Types the given ``text`` into the text field identified by ``locator``.</doc>
<arguments>
<arg>firstname</arg>
<arg>${firstname}</arg>
</arguments>
<msg timestamp="20201016 18:14:03.908" level="INFO">Typing text 'first' into text field 'firstname'.</msg>
<status status="PASS" starttime="20201016 18:14:03.908" endtime="20201016 18:14:03.931"></status>
</kw>
<status status="PASS" starttime="20201016 18:14:03.908" endtime="20201016 18:14:03.931"></status>
</kw>
<kw name="Input lastname as" library="register_page">
<arguments>
<arg>family</arg>
</arguments>
<kw name="Input Text" library="SeleniumLibrary">
<doc>Types the given ``text`` into the text field identified by ``locator``.</doc>
<arguments>
<arg>lastname</arg>
<arg>${lastname}</arg>
</arguments>
<msg timestamp="20201016 18:14:03.932" level="INFO">Typing text 'family' into text field 'lastname'.</msg>
<status status="PASS" starttime="20201016 18:14:03.932" endtime="20201016 18:14:03.955"></status>
</kw>
<status status="PASS" starttime="20201016 18:14:03.931" endtime="20201016 18:14:03.956"></status>
</kw>
<kw name="Input phone as" library="register_page">
<arguments>
<arg>123123123</arg>
</arguments>
<kw name="Input Text" library="SeleniumLibrary">
<doc>Types the given ``text`` into the text field identified by ``locator``.</doc>
<arguments>
<arg>phone</arg>
<arg>${phone}</arg>
</arguments>
<msg timestamp="20201016 18:14:03.956" level="INFO">Typing text '123123123' into text field 'phone'.</msg>
<status status="PASS" starttime="20201016 18:14:03.956" endtime="20201016 18:14:03.979"></status>
</kw>
<status status="PASS" starttime="20201016 18:14:03.956" endtime="20201016 18:14:03.979"></status>
</kw>
<kw name="Click on register" library="register_page">
<kw name="Click Button" library="SeleniumLibrary">
<doc>Clicks the button identified by ``locator``.</doc>
<arguments>
<arg>//input[@value='Register']</arg>
</arguments>
<msg timestamp="20201016 18:14:03.980" level="INFO">Clicking button '//input[@value='Register']'.</msg>
<status status="PASS" starttime="20201016 18:14:03.980" endtime="20201016 18:14:04.027"></status>
</kw>
<status status="PASS" starttime="20201016 18:14:03.979" endtime="20201016 18:14:04.027"></status>
</kw>
<kw name="Click on login url" library="login_page">
<kw name="Click Link" library="SeleniumLibrary">
<doc>Clicks a link identified by ``locator``.</doc>
<arguments>
<arg>//a[contains(text(),'Log In')]</arg>
</arguments>
<msg timestamp="20201016 18:14:04.028" level="INFO">Clicking link '//a[contains(text(),'Log In')]'.</msg>
<status status="PASS" starttime="20201016 18:14:04.028" endtime="20201016 18:14:04.098"></status>
</kw>
<status status="PASS" starttime="20201016 18:14:04.027" endtime="20201016 18:14:04.098"></status>
</kw>
<kw name="Input Username" library="login_page">
<arguments>
<arg>test</arg>
</arguments>
<kw name="Input Text" library="SeleniumLibrary">
<doc>Types the given ``text`` into the text field identified by ``locator``.</doc>
<arguments>
<arg>username</arg>
<arg>${username}</arg>
</arguments>
<msg timestamp="20201016 18:14:04.099" level="INFO">Typing text 'test' into text field 'username'.</msg>
<status status="PASS" starttime="20201016 18:14:04.098" endtime="20201016 18:14:04.132"></status>
</kw>
<status status="PASS" starttime="20201016 18:14:04.098" endtime="20201016 18:14:04.132"></status>
</kw>
<kw name="Input Password" library="login_page">
<arguments>
<arg>test</arg>
</arguments>
<kw name="Input Text" library="SeleniumLibrary">
<doc>Types the given ``text`` into the text field identified by ``locator``.</doc>
<arguments>
<arg>password</arg>
<arg>${password}</arg>
</arguments>
<msg timestamp="20201016 18:14:04.133" level="INFO">Typing text 'test' into text field 'password'.</msg>
<status status="PASS" starttime="20201016 18:14:04.133" endtime="20201016 18:14:04.158"></status>
</kw>
<status status="PASS" starttime="20201016 18:14:04.132" endtime="20201016 18:14:04.158"></status>
</kw>
<kw name="Click on login" library="login_page">
<kw name="Click Button" library="SeleniumLibrary">
<doc>Clicks the button identified by ``locator``.</doc>
<arguments>
<arg>//input[@value='Log In']</arg>
</arguments>
<msg timestamp="20201016 18:14:04.159" level="INFO">Clicking button '//input[@value='Log In']'.</msg>
<status status="PASS" starttime="20201016 18:14:04.159" endtime="20201016 18:14:04.284"></status>
</kw>
<status status="PASS" starttime="20201016 18:14:04.158" endtime="20201016 18:14:04.284"></status>
</kw>
<kw name="Table Cell Should Contain" library="SeleniumLibrary">
<doc>Verifies table cell contains text ``expected``.</doc>
<arguments>
<arg>//table[@id='content']</arg>
<arg>2</arg>
<arg>2</arg>
<arg>test</arg>
</arguments>
<msg timestamp="20201016 18:14:04.326" level="INFO">Table cell contains 'test'.</msg>
<status status="PASS" starttime="20201016 18:14:04.284" endtime="20201016 18:14:04.326"></status>
</kw>
<kw name="Table Cell Should Contain" library="SeleniumLibrary">
<doc>Verifies table cell contains text ``expected``.</doc>
<arguments>
<arg>//table[@id='content']</arg>
<arg>3</arg>
<arg>2</arg>
<arg>first</arg>
</arguments>
<msg timestamp="20201016 18:14:04.357" level="INFO">Table cell contains 'first'.</msg>
<status status="PASS" starttime="20201016 18:14:04.326" endtime="20201016 18:14:04.358"></status>
</kw>
<kw name="Table Cell Should Contain" library="SeleniumLibrary">
<doc>Verifies table cell contains text ``expected``.</doc>
<arguments>
<arg>//table[@id='content']</arg>
<arg>4</arg>
<arg>2</arg>
<arg>family</arg>
</arguments>
<msg timestamp="20201016 18:14:04.386" level="INFO">Table cell contains 'family'.</msg>
<status status="PASS" starttime="20201016 18:14:04.358" endtime="20201016 18:14:04.386"></status>
</kw>
<kw name="Table Cell Should Contain" library="SeleniumLibrary">
<doc>Verifies table cell contains text ``expected``.</doc>
<arguments>
<arg>//table[@id='content']</arg>
<arg>5</arg>
<arg>2</arg>
<arg>123123123</arg>
</arguments>
<msg timestamp="20201016 18:14:04.414" level="INFO">Table cell contains '123123123'.</msg>
<status status="PASS" starttime="20201016 18:14:04.386" endtime="20201016 18:14:04.414"></status>
</kw>
<kw name="Close Browser" library="SeleniumLibrary" type="teardown">
<doc>Closes the current browser.</doc>
<status status="PASS" starttime="20201016 18:14:04.414" endtime="20201016 18:14:04.794"></status>
</kw>
<tags>
<tag>registration</tag>
<tag>regression</tag>
</tags>
<status status="PASS" starttime="20201016 18:13:55.972" endtime="20201016 18:14:04.794" critical="yes"></status>
</test>
<status status="PASS" starttime="20201016 18:13:55.967" endtime="20201016 18:14:04.795"></status>
</suite>
<status status="PASS" starttime="20201016 18:13:45.540" endtime="20201016 18:14:04.797"></status>
</suite>
<statistics>
<total>
<stat pass="3" fail="0">Critical Tests</stat>
<stat pass="3" fail="0">All Tests</stat>
</total>
<tag>
<stat pass="2" fail="0">login</stat>
<stat pass="1" fail="0">registration</stat>
<stat pass="3" fail="0">regression</stat>
</tag>
<suite>
<stat pass="3" fail="0" id="s1" name="Test Login">Test Login</stat>
<stat pass="2" fail="0" id="s1-s1" name="Test Login">Test Login.Test Login</stat>
<stat pass="1" fail="0" id="s1-s2" name="Test Registration">Test Login.Test Registration</stat>
</suite>
</statistics>
<errors>
</errors>
</robot>
